#
# There is insufficient memory for the Java Runtime Environment to continue.
# Native memory allocation (malloc) failed to allocate 32744 bytes. Error detail: Chunk::new
# Possible reasons:
#   The system is out of physical RAM or swap space
#   This process is running with CompressedOops enabled, and the Java Heap may be blocking the growth of the native heap
# Possible solutions:
#   Reduce memory load on the system
#   Increase physical memory or swap space
#   Check if swap backing store is full
#   Decrease Java heap size (-Xmx/-Xms)
#   Decrease number of Java threads
#   Decrease Java thread stack sizes (-Xss)
#   Set larger code cache with -XX:ReservedCodeCacheSize=
#   JVM is running with Unscaled Compressed Oops mode in which the Java heap is
#     placed in the first 4GB address space. The Java Heap base address is the
#     maximum limit for the native heap growth. Please use -XX:HeapBaseMinAddress
#     to set the Java Heap base and to place the Java Heap above 4GB virtual address.
# This output file may be truncated or incomplete.
#
#  Out of Memory Error (arena.cpp:168), pid=21204, tid=23224
#
# JRE version: OpenJDK Runtime Environment Temurin-21.0.11+10 (21.0.11+10) (build 21.0.11+10-LTS)
# Java VM: OpenJDK 64-Bit Server VM Temurin-21.0.11+10 (21.0.11+10-LTS, mixed mode, sharing, tiered, compressed oops, compressed class ptrs, parallel gc, windows-amd64)
# No core dump will be written. Minidumps are not enabled by default on client versions of Windows
#

---------------  S U M M A R Y ------------

Command Line: --add-modules=ALL-SYSTEM --add-opens=java.base/java.util=ALL-UNNAMED --add-opens=java.base/java.lang=ALL-UNNAMED --add-opens=java.base/sun.nio.fs=ALL-UNNAMED -Declipse.application=org.eclipse.jdt.ls.core.id1 -Dosgi.bundles.defaultStartLevel=4 -Declipse.product=org.eclipse.jdt.ls.core.product -Djava.import.generatesMetadataFilesAtProjectRoot=false -DDetectVMInstallationsJob.disabled=true -Dfile.encoding=utf8 -XX:+UseParallelGC -XX:GCTimeRatio=4 -XX:AdaptiveSizePolicyWeight=90 -Dsun.zip.disableMemoryMapping=true -Xmx2G -Xms100m -Xlog:disable -javaagent:c:\Users\usuario\.antigravity-ide\extensions\redhat.java-1.55.0-win32-x64\lombok\lombok-1.18.39-4050.jar -XX:+HeapDumpOnOutOfMemoryError -XX:HeapDumpPath=c:\Users\usuario\AppData\Roaming\Antigravity IDE\User\workspaceStorage\f3fcd46d8989c1a3fade3696811e1843\redhat.java -Daether.dependencyCollector.impl=bf c:\Users\usuario\.antigravity-ide\extensions\redhat.java-1.55.0-win32-x64\server\plugins\org.eclipse.equinox.launcher_1.7.200.v20260619-2039.jar -configuration c:\Users\usuario\AppData\Roaming\Antigravity IDE\User\globalStorage\redhat.java\1.55.0\config_win -data c:\Users\usuario\AppData\Roaming\Antigravity IDE\User\workspaceStorage\f3fcd46d8989c1a3fade3696811e1843\redhat.java\jdt_ws --pipe=\\.\pipe\lsp-43153e293beb6a6da109b9f5d835da46-sock

Host: Intel(R) Core(TM) i7-4770 CPU @ 3.40GHz, 8 cores, 7G,  Windows 11 , 64 bit Build 22000 (10.0.22000.2538)
Time: Sat Jul 11 01:45:05 2026 Hora estándar central (México) elapsed time: 11.005982 seconds (0d 0h 0m 11s)

---------------  T H R E A D  ---------------

Current thread (0x00000159ceb995f0):  JavaThread "C2 CompilerThread0" daemon [_thread_in_native, id=23224, stack(0x000000522bb00000,0x000000522bc00000) (1024K)]


Current CompileTask:
C2:11006 3907       4       org.lombokweb.asm.ClassReader::readMethod (1070 bytes)

Stack: [0x000000522bb00000,0x000000522bc00000]
Native frames: (J=compiled Java code, j=interpreted, Vv=VM code, C=native code)
V  [jvm.dll+0x6d7e19]
V  [jvm.dll+0x8b5096]
V  [jvm.dll+0x8b764e]
V  [jvm.dll+0x8b7d33]
V  [jvm.dll+0x284596]
V  [jvm.dll+0xc685d]
V  [jvm.dll+0xc6da1]
V  [jvm.dll+0x7038bd]
V  [jvm.dll+0x1e421a]
V  [jvm.dll+0x24c853]
V  [jvm.dll+0x24bce0]
V  [jvm.dll+0x1cb4ae]
V  [jvm.dll+0x25baad]
V  [jvm.dll+0x25a03a]
V  [jvm.dll+0x3f868e]
V  [jvm.dll+0x85fb0d]
V  [jvm.dll+0x6d664d]
C  [ucrtbase.dll+0x26c0c]
C  [KERNEL32.DLL+0x153e0]
C  [ntdll.dll+0x485b]


---------------  P R O C E S S  ---------------

Threads class SMR info:
_java_thread_list=0x0000015a17ec6390, length=24, elements={
0x00000159b5d95630, 0x00000159ceb8fa30, 0x00000159ceb91300, 0x00000159ceb93ab0,
0x00000159ceb96020, 0x00000159ceb96d40, 0x00000159ceb987b0, 0x00000159ceb995f0,
0x0000015a11568230, 0x0000015a1170a8d0, 0x0000015a11828620, 0x0000015a167eec00,
0x0000015a1639c250, 0x0000015a16a53870, 0x0000015a16a53ee0, 0x0000015a16e2f460,
0x00000159cebd6ac0, 0x0000015a16eaf580, 0x0000015a16182ad0, 0x0000015a1617fce0,
0x0000015a16182440, 0x0000015a16181090, 0x0000015a16180370, 0x0000015a16181720
}

Java Threads: ( => current thread )
  0x00000159b5d95630 JavaThread "main"                              [_thread_blocked, id=7284, stack(0x000000522b100000,0x000000522b200000) (1024K)]
  0x00000159ceb8fa30 JavaThread "Reference Handler"          daemon [_thread_blocked, id=22364, stack(0x000000522b500000,0x000000522b600000) (1024K)]
  0x00000159ceb91300 JavaThread "Finalizer"                  daemon [_thread_blocked, id=22056, stack(0x000000522b600000,0x000000522b700000) (1024K)]
  0x00000159ceb93ab0 JavaThread "Signal Dispatcher"          daemon [_thread_blocked, id=23432, stack(0x000000522b700000,0x000000522b800000) (1024K)]
  0x00000159ceb96020 JavaThread "Attach Listener"            daemon [_thread_blocked, id=12608, stack(0x000000522b800000,0x000000522b900000) (1024K)]
  0x00000159ceb96d40 JavaThread "Service Thread"             daemon [_thread_blocked, id=18088, stack(0x000000522b900000,0x000000522ba00000) (1024K)]
  0x00000159ceb987b0 JavaThread "Monitor Deflation Thread"   daemon [_thread_blocked, id=20032, stack(0x000000522ba00000,0x000000522bb00000) (1024K)]
=>0x00000159ceb995f0 JavaThread "C2 CompilerThread0"         daemon [_thread_in_native, id=23224, stack(0x000000522bb00000,0x000000522bc00000) (1024K)]
  0x0000015a11568230 JavaThread "C1 CompilerThread0"         daemon [_thread_in_native, id=22616, stack(0x000000522bc00000,0x000000522bd00000) (1024K)]
  0x0000015a1170a8d0 JavaThread "Common-Cleaner"             daemon [_thread_blocked, id=20980, stack(0x000000522be00000,0x000000522bf00000) (1024K)]
  0x0000015a11828620 JavaThread "Notification Thread"        daemon [_thread_blocked, id=20244, stack(0x000000522bf00000,0x000000522c000000) (1024K)]
  0x0000015a167eec00 JavaThread "Active Thread: Equinox Container: 061a003f-7700-4376-8ae5-2c0e8e9e0099"        [_thread_blocked, id=20568, stack(0x000000522c000000,0x000000522c100000) (1024K)]
  0x0000015a1639c250 JavaThread "Refresh Thread: Equinox Container: 061a003f-7700-4376-8ae5-2c0e8e9e0099" daemon [_thread_blocked, id=18104, stack(0x000000522c800000,0x000000522c900000) (1024K)]
  0x0000015a16a53870 JavaThread "Framework Event Dispatcher: Equinox Container: 061a003f-7700-4376-8ae5-2c0e8e9e0099" daemon [_thread_blocked, id=13856, stack(0x000000522c900000,0x000000522ca00000) (1024K)]
  0x0000015a16a53ee0 JavaThread "Start Level: Equinox Container: 061a003f-7700-4376-8ae5-2c0e8e9e0099" daemon [_thread_in_Java, id=15748, stack(0x000000522ca00000,0x000000522cb00000) (1024K)]
  0x0000015a16e2f460 JavaThread "Bundle File Closer"         daemon [_thread_blocked, id=17592, stack(0x000000522cc00000,0x000000522cd00000) (1024K)]
  0x00000159cebd6ac0 JavaThread "SCR Component Actor"        daemon [_thread_blocked, id=5852, stack(0x000000522bd00000,0x000000522be00000) (1024K)]
  0x0000015a16eaf580 JavaThread "Worker-JM"                         [_thread_blocked, id=24212, stack(0x000000522cb00000,0x000000522cc00000) (1024K)]
  0x0000015a16182ad0 JavaThread "JNA Cleaner"                daemon [_thread_blocked, id=13844, stack(0x000000522cd00000,0x000000522ce00000) (1024K)]
  0x0000015a1617fce0 JavaThread "Worker-0: Updating Maven Dependencies"        [_thread_in_vm, id=24172, stack(0x000000522ce00000,0x000000522cf00000) (1024K)]
  0x0000015a16182440 JavaThread "Worker-1: Repository registry initialization"        [_thread_blocked, id=3868, stack(0x000000522cf00000,0x000000522d000000) (1024K)]
  0x0000015a16181090 JavaThread "Java indexing"              daemon [_thread_blocked, id=5376, stack(0x000000522d000000,0x000000522d100000) (1024K)]
  0x0000015a16180370 JavaThread "Worker-2: Initialize After Load"        [_thread_in_vm, id=21180, stack(0x000000522d100000,0x000000522d200000) (1024K)]
  0x0000015a16181720 JavaThread "Worker-3"                          [_thread_blocked, id=25084, stack(0x000000522d200000,0x000000522d300000) (1024K)]
Total: 24

Other Threads:
  0x00000159ceb71f10 VMThread "VM Thread"                           [id=19904, stack(0x000000522b400000,0x000000522b500000) (1024K)]
  0x00000159b81e5440 WatcherThread "VM Periodic Task Thread"        [id=18408, stack(0x000000522b300000,0x000000522b400000) (1024K)]
  0x00000159b813c660 WorkerThread "GC Thread#0"                     [id=13020, stack(0x000000522b200000,0x000000522b300000) (1024K)]
  0x0000015a16713b40 WorkerThread "GC Thread#1"                     [id=17604, stack(0x000000522c100000,0x000000522c200000) (1024K)]
  0x0000015a16713ef0 WorkerThread "GC Thread#2"                     [id=20880, stack(0x000000522c200000,0x000000522c300000) (1024K)]
  0x0000015a161d07b0 WorkerThread "GC Thread#3"                     [id=1328, stack(0x000000522c300000,0x000000522c400000) (1024K)]
  0x0000015a161d1370 WorkerThread "GC Thread#4"                     [id=22688, stack(0x000000522c400000,0x000000522c500000) (1024K)]
  0x0000015a1625b710 WorkerThread "GC Thread#5"                     [id=14956, stack(0x000000522c500000,0x000000522c600000) (1024K)]
  0x0000015a1625a850 WorkerThread "GC Thread#6"                     [id=13504, stack(0x000000522c600000,0x000000522c700000) (1024K)]
  0x0000015a1625afb0 WorkerThread "GC Thread#7"                     [id=23656, stack(0x000000522c700000,0x000000522c800000) (1024K)]
Total: 10

Threads with active compile tasks:
C2 CompilerThread0  11045 3907       4       org.lombokweb.asm.ClassReader::readMethod (1070 bytes)
C1 CompilerThread0  11045 4221   !   2       org.eclipse.osgi.internal.framework.EquinoxBundle::adapt0 (939 bytes)
Total: 2

VM state: not at safepoint (normal execution)

VM Mutex/Monitor currently owned by a thread:  ([mutex/lock_event])
[0x00007ffa855bd4f0] Metaspace_lock - owner thread: 0x0000015a1617fce0

Heap address: 0x0000000080000000, size: 2048 MB, Compressed Oops mode: 32-bit

CDS archive(s) mapped at: [0x00000159cf000000-0x00000159cfba0000-0x00000159cfba0000), size 12189696, SharedBaseAddress: 0x00000159cf000000, ArchiveRelocationMode: 1.
Compressed class space mapped at: 0x00000159d0000000-0x0000015a10000000, reserved size: 1073741824
Narrow klass base: 0x00000159cf000000, Narrow klass shift: 0, Narrow klass range: 0x100000000

GC Precious Log:
 CardTable entry size: 512
 CPUs: 8 total, 8 available
 Memory: 7314M
 Large Page Support: Disabled
 NUMA Support: Disabled
 Compressed Oops: Enabled (32-bit)
 Alignments: Space 512K, Generation 512K, Heap 2M
 Heap Min Capacity: 100M
 Heap Initial Capacity: 100M
 Heap Max Capacity: 2G
 Pre-touch: Disabled
 Parallel Workers: 8

Heap:
 PSYoungGen      total 25088K, used 25065K [0x00000000d5580000, 0x00000000d7400000, 0x0000000100000000)
  eden space 23040K, 99% used [0x00000000d5580000,0x00000000d6bff068,0x00000000d6c00000)
  from space 2048K, 99% used [0x00000000d7180000,0x00000000d737b648,0x00000000d7380000)
  to   space 4096K, 0% used [0x00000000d6c00000,0x00000000d6c00000,0x00000000d7000000)
 ParOldGen       total 68608K, used 14508K [0x0000000080000000, 0x0000000084300000, 0x00000000d5580000)
  object space 68608K, 21% used [0x0000000080000000,0x0000000080e2b310,0x0000000084300000)
 Metaspace       used 31651K, committed 32512K, reserved 1114112K
  class space    used 3221K, committed 3584K, reserved 1048576K

Card table byte_map: [0x00000159b7b00000,0x00000159b7f10000] _byte_map_base: 0x00000159b7700000

Marking Bits: (ParMarkBitMap*) 0x00007ffa855c4460
 Begin Bits: [0x00000159ca5e0000, 0x00000159cc5e0000)
 End Bits:   [0x00000159cc5e0000, 0x00000159ce5e0000)

Polling page: 0x00000159b78f0000

Metaspace:

Usage:
  Non-class:     27.76 MB used.
      Class:      3.15 MB used.
       Both:     30.91 MB used.

Virtual space:
  Non-class space:       64.00 MB reserved,      28.25 MB ( 44%) committed,  1 nodes.
      Class space:        1.00 GB reserved,       3.50 MB ( <1%) committed,  1 nodes.
             Both:        1.06 GB reserved,      31.75 MB (  3%) committed. 

Chunk freelists:
   Non-Class:  3.61 MB
       Class:  12.52 MB
        Both:  16.12 MB

MaxMetaspaceSize: unlimited
CompressedClassSpaceSize: 1.00 GB
Initial GC threshold: 21.00 MB
Current GC threshold: 35.00 MB
CDS: on
 - commit_granule_bytes: 65536.
 - commit_granule_words: 8192.
 - virtual_space_node_default_size: 8388608.
 - enlarge_chunks_in_place: 1.
 - use_allocation_guard: 0.


Internal statistics:

num_allocs_failed_limit: 3.
num_arena_births: 726.
num_arena_deaths: 14.
num_vsnodes_births: 2.
num_vsnodes_deaths: 0.
num_space_committed: 508.
num_space_uncommitted: 0.
num_chunks_returned_to_freelist: 17.
num_chunks_taken_from_freelist: 2009.
num_chunk_merges: 9.
num_chunk_splits: 1296.
num_chunks_enlarged: 810.
num_inconsistent_stats: 0.

CodeHeap 'non-profiled nmethods': size=120000Kb used=1754Kb max_used=1754Kb free=118245Kb
 bounds [0x00000159c2e00000, 0x00000159c3070000, 0x00000159ca330000]
CodeHeap 'profiled nmethods': size=120000Kb used=8755Kb max_used=8755Kb free=111244Kb
 bounds [0x00000159bb330000, 0x00000159bbbc0000, 0x00000159c2860000]
CodeHeap 'non-nmethods': size=5760Kb used=1347Kb max_used=1347Kb free=4412Kb
 bounds [0x00000159c2860000, 0x00000159c2ad0000, 0x00000159c2e00000]
CodeCache: size=245760Kb, used=11856Kb, max_used=11856Kb, free=233901Kb
 total_blobs=4832, nmethods=4191, adapters=547, full_count=0
Compilation: enabled, stopped_count=0, restarted_count=0

Compilation events (20 events):
Event: 10.943 Thread 0x0000015a11568230 4202   !   2       org.osgi.util.tracker.AbstractTracked::track (97 bytes)
Event: 10.944 Thread 0x0000015a11568230 nmethod 4202 0x00000159bbbb0a90 code [0x00000159bbbb0ca0, 0x00000159bbbb1100]
Event: 10.949 Thread 0x0000015a11568230 4203       2       java.lang.Class::privateGetDeclaredMethods (64 bytes)
Event: 10.950 Thread 0x0000015a11568230 nmethod 4203 0x00000159bbbb1310 code [0x00000159bbbb1500, 0x00000159bbbb1888]
Event: 10.950 Thread 0x0000015a11568230 4204       2       java.util.HashMap::afterNodeAccess (1 bytes)
Event: 10.951 Thread 0x0000015a11568230 nmethod 4204 0x00000159bbbb1a90 code [0x00000159bbbb1c20, 0x00000159bbbb1d28]
Event: 10.956 Thread 0x0000015a11568230 4205       2       java.lang.invoke.MethodHandleNatives::staticArgumentsPulled (5 bytes)
Event: 10.956 Thread 0x0000015a11568230 nmethod 4205 0x00000159bbbb1d90 code [0x00000159bbbb1f20, 0x00000159bbbb2048]
Event: 10.957 Thread 0x0000015a11568230 4206       2       java.lang.invoke.BootstrapMethodInvoker::widenAndCast (47 bytes)
Event: 10.957 Thread 0x0000015a11568230 nmethod 4206 0x00000159bbbb2110 code [0x00000159bbbb2340, 0x00000159bbbb27d0]
Event: 10.957 Thread 0x0000015a11568230 4208   !   2       java.lang.invoke.BootstrapMethodInvoker::invoke (974 bytes)
Event: 10.961 Thread 0x0000015a11568230 nmethod 4208 0x00000159bbbb2a90 code [0x00000159bbbb3040, 0x00000159bbbb5370]
Event: 10.961 Thread 0x0000015a11568230 4207       2       java.lang.invoke.Invokers::callSiteForm (297 bytes)
Event: 10.962 Thread 0x0000015a11568230 nmethod 4207 0x00000159bbbb8510 code [0x00000159bbbb87a0, 0x00000159bbbb9178]
Event: 10.980 Thread 0x0000015a11568230 4209       2       java.util.LinkedHashMap::values (5 bytes)
Event: 10.980 Thread 0x0000015a11568230 nmethod 4209 0x00000159bbbb9990 code [0x00000159bbbb9b40, 0x00000159bbbb9c68]
Event: 10.983 Thread 0x0000015a11568230 4210       2       java.lang.invoke.DirectMethodHandle::getFunction (53 bytes)
Event: 10.984 Thread 0x0000015a11568230 nmethod 4210 0x00000159bbbb9d10 code [0x00000159bbbb9ec0, 0x00000159bbbba0d0]
Event: 10.984 Thread 0x0000015a11568230 4211       2       jdk.internal.misc.CDS::isDumpingClassList (4 bytes)
Event: 10.984 Thread 0x0000015a11568230 nmethod 4211 0x00000159bbbba210 code [0x00000159bbbba3a0, 0x00000159bbbba488]

GC Heap History (20 events):
Event: 2.975 GC heap before
{Heap before GC invocations=2 (full 0):
 PSYoungGen      total 29696K, used 28880K [0x00000000d5580000, 0x00000000d7680000, 0x0000000100000000)
  eden space 25600K, 100% used [0x00000000d5580000,0x00000000d6e80000,0x00000000d6e80000)
  from space 4096K, 80% used [0x00000000d6e80000,0x00000000d71b4148,0x00000000d7280000)
  to   space 4096K, 0% used [0x00000000d7280000,0x00000000d7280000,0x00000000d7680000)
 ParOldGen       total 68608K, used 16K [0x0000000080000000, 0x0000000084300000, 0x00000000d5580000)
  object space 68608K, 0% used [0x0000000080000000,0x0000000080004000,0x0000000084300000)
 Metaspace       used 8027K, committed 8320K, reserved 1114112K
  class space    used 833K, committed 960K, reserved 1048576K
}
Event: 2.983 GC heap after
{Heap after GC invocations=2 (full 0):
 PSYoungGen      total 29696K, used 4070K [0x00000000d5580000, 0x00000000d7680000, 0x0000000100000000)
  eden space 25600K, 0% used [0x00000000d5580000,0x00000000d5580000,0x00000000d6e80000)
  from space 4096K, 99% used [0x00000000d7280000,0x00000000d7679800,0x00000000d7680000)
  to   space 4096K, 0% used [0x00000000d6e80000,0x00000000d6e80000,0x00000000d7280000)
 ParOldGen       total 68608K, used 1960K [0x0000000080000000, 0x0000000084300000, 0x00000000d5580000)
  object space 68608K, 2% used [0x0000000080000000,0x00000000801ea320,0x0000000084300000)
 Metaspace       used 8027K, committed 8320K, reserved 1114112K
  class space    used 833K, committed 960K, reserved 1048576K
}
Event: 3.685 GC heap before
{Heap before GC invocations=3 (full 0):
 PSYoungGen      total 29696K, used 29518K [0x00000000d5580000, 0x00000000d7680000, 0x0000000100000000)
  eden space 25600K, 99% used [0x00000000d5580000,0x00000000d6e5a0f8,0x00000000d6e80000)
  from space 4096K, 99% used [0x00000000d7280000,0x00000000d7679800,0x00000000d7680000)
  to   space 4096K, 0% used [0x00000000d6e80000,0x00000000d6e80000,0x00000000d7280000)
 ParOldGen       total 68608K, used 1960K [0x0000000080000000, 0x0000000084300000, 0x00000000d5580000)
  object space 68608K, 2% used [0x0000000080000000,0x00000000801ea320,0x0000000084300000)
 Metaspace       used 9495K, committed 9792K, reserved 1114112K
  class space    used 1011K, committed 1152K, reserved 1048576K
}
Event: 3.692 GC heap after
{Heap after GC invocations=3 (full 0):
 PSYoungGen      total 29696K, used 4076K [0x00000000d5580000, 0x00000000d7680000, 0x0000000100000000)
  eden space 25600K, 0% used [0x00000000d5580000,0x00000000d5580000,0x00000000d6e80000)
  from space 4096K, 99% used [0x00000000d6e80000,0x00000000d727b188,0x00000000d7280000)
  to   space 4096K, 0% used [0x00000000d7280000,0x00000000d7280000,0x00000000d7680000)
 ParOldGen       total 68608K, used 4709K [0x0000000080000000, 0x0000000084300000, 0x00000000d5580000)
  object space 68608K, 6% used [0x0000000080000000,0x00000000804997a8,0x0000000084300000)
 Metaspace       used 9495K, committed 9792K, reserved 1114112K
  class space    used 1011K, committed 1152K, reserved 1048576K
}
Event: 7.282 GC heap before
{Heap before GC invocations=4 (full 0):
 PSYoungGen      total 29696K, used 29676K [0x00000000d5580000, 0x00000000d7680000, 0x0000000100000000)
  eden space 25600K, 100% used [0x00000000d5580000,0x00000000d6e80000,0x00000000d6e80000)
  from space 4096K, 99% used [0x00000000d6e80000,0x00000000d727b188,0x00000000d7280000)
  to   space 4096K, 0% used [0x00000000d7280000,0x00000000d7280000,0x00000000d7680000)
 ParOldGen       total 68608K, used 4709K [0x0000000080000000, 0x0000000084300000, 0x00000000d5580000)
  object space 68608K, 6% used [0x0000000080000000,0x00000000804997a8,0x0000000084300000)
 Metaspace       used 11690K, committed 12096K, reserved 1114112K
  class space    used 1237K, committed 1408K, reserved 1048576K
}
Event: 7.287 GC heap after
{Heap after GC invocations=4 (full 0):
 PSYoungGen      total 29696K, used 4075K [0x00000000d5580000, 0x00000000d7680000, 0x0000000100000000)
  eden space 25600K, 0% used [0x00000000d5580000,0x00000000d5580000,0x00000000d6e80000)
  from space 4096K, 99% used [0x00000000d7280000,0x00000000d767ad80,0x00000000d7680000)
  to   space 4096K, 0% used [0x00000000d6e80000,0x00000000d6e80000,0x00000000d7280000)
 ParOldGen       total 68608K, used 6600K [0x0000000080000000, 0x0000000084300000, 0x00000000d5580000)
  object space 68608K, 9% used [0x0000000080000000,0x00000000806723d0,0x0000000084300000)
 Metaspace       used 11690K, committed 12096K, reserved 1114112K
  class space    used 1237K, committed 1408K, reserved 1048576K
}
Event: 8.206 GC heap before
{Heap before GC invocations=5 (full 0):
 PSYoungGen      total 29696K, used 29675K [0x00000000d5580000, 0x00000000d7680000, 0x0000000100000000)
  eden space 25600K, 100% used [0x00000000d5580000,0x00000000d6e80000,0x00000000d6e80000)
  from space 4096K, 99% used [0x00000000d7280000,0x00000000d767ad80,0x00000000d7680000)
  to   space 4096K, 0% used [0x00000000d6e80000,0x00000000d6e80000,0x00000000d7280000)
 ParOldGen       total 68608K, used 6600K [0x0000000080000000, 0x0000000084300000, 0x00000000d5580000)
  object space 68608K, 9% used [0x0000000080000000,0x00000000806723d0,0x0000000084300000)
 Metaspace       used 15490K, committed 16064K, reserved 1114112K
  class space    used 1597K, committed 1856K, reserved 1048576K
}
Event: 8.211 GC heap after
{Heap after GC invocations=5 (full 0):
 PSYoungGen      total 29184K, used 4084K [0x00000000d5580000, 0x00000000d7b00000, 0x0000000100000000)
  eden space 25088K, 0% used [0x00000000d5580000,0x00000000d5580000,0x00000000d6e00000)
  from space 4096K, 99% used [0x00000000d6e80000,0x00000000d727d258,0x00000000d7280000)
  to   space 6656K, 0% used [0x00000000d7480000,0x00000000d7480000,0x00000000d7b00000)
 ParOldGen       total 68608K, used 8625K [0x0000000080000000, 0x0000000084300000, 0x00000000d5580000)
  object space 68608K, 12% used [0x0000000080000000,0x000000008086c668,0x0000000084300000)
 Metaspace       used 15490K, committed 16064K, reserved 1114112K
  class space    used 1597K, committed 1856K, reserved 1048576K
}
Event: 9.149 GC heap before
{Heap before GC invocations=6 (full 0):
 PSYoungGen      total 29184K, used 29172K [0x00000000d5580000, 0x00000000d7b00000, 0x0000000100000000)
  eden space 25088K, 100% used [0x00000000d5580000,0x00000000d6e00000,0x00000000d6e00000)
  from space 4096K, 99% used [0x00000000d6e80000,0x00000000d727d258,0x00000000d7280000)
  to   space 6656K, 0% used [0x00000000d7480000,0x00000000d7480000,0x00000000d7b00000)
 ParOldGen       total 68608K, used 8625K [0x0000000080000000, 0x0000000084300000, 0x00000000d5580000)
  object space 68608K, 12% used [0x0000000080000000,0x000000008086c668,0x0000000084300000)
 Metaspace       used 18701K, committed 19456K, reserved 1114112K
  class space    used 1962K, committed 2240K, reserved 1048576K
}
Event: 9.155 GC heap after
{Heap after GC invocations=6 (full 0):
 PSYoungGen      total 30208K, used 5170K [0x00000000d5580000, 0x00000000d7a00000, 0x0000000100000000)
  eden space 24576K, 0% used [0x00000000d5580000,0x00000000d5580000,0x00000000d6d80000)
  from space 5632K, 91% used [0x00000000d7480000,0x00000000d798c908,0x00000000d7a00000)
  to   space 5632K, 0% used [0x00000000d6f00000,0x00000000d6f00000,0x00000000d7480000)
 ParOldGen       total 68608K, used 8633K [0x0000000080000000, 0x0000000084300000, 0x00000000d5580000)
  object space 68608K, 12% used [0x0000000080000000,0x000000008086e668,0x0000000084300000)
 Metaspace       used 18701K, committed 19456K, reserved 1114112K
  class space    used 1962K, committed 2240K, reserved 1048576K
}
Event: 9.573 GC heap before
{Heap before GC invocations=7 (full 0):
 PSYoungGen      total 30208K, used 22615K [0x00000000d5580000, 0x00000000d7a00000, 0x0000000100000000)
  eden space 24576K, 70% used [0x00000000d5580000,0x00000000d6689350,0x00000000d6d80000)
  from space 5632K, 91% used [0x00000000d7480000,0x00000000d798c908,0x00000000d7a00000)
  to   space 5632K, 0% used [0x00000000d6f00000,0x00000000d6f00000,0x00000000d7480000)
 ParOldGen       total 68608K, used 8633K [0x0000000080000000, 0x0000000084300000, 0x00000000d5580000)
  object space 68608K, 12% used [0x0000000080000000,0x000000008086e668,0x0000000084300000)
 Metaspace       used 20708K, committed 21504K, reserved 1114112K
  class space    used 2201K, committed 2560K, reserved 1048576K
}
Event: 9.581 GC heap after
{Heap after GC invocations=7 (full 0):
 PSYoungGen      total 28672K, used 3846K [0x00000000d5580000, 0x00000000d7680000, 0x0000000100000000)
  eden space 24576K, 0% used [0x00000000d5580000,0x00000000d5580000,0x00000000d6d80000)
  from space 4096K, 93% used [0x00000000d6f00000,0x00000000d72c1938,0x00000000d7300000)
  to   space 3584K, 0% used [0x00000000d7300000,0x00000000d7300000,0x00000000d7680000)
 ParOldGen       total 68608K, used 9932K [0x0000000080000000, 0x0000000084300000, 0x00000000d5580000)
  object space 68608K, 14% used [0x0000000080000000,0x00000000809b3318,0x0000000084300000)
 Metaspace       used 20708K, committed 21504K, reserved 1114112K
  class space    used 2201K, committed 2560K, reserved 1048576K
}
Event: 9.581 GC heap before
{Heap before GC invocations=8 (full 1):
 PSYoungGen      total 28672K, used 3846K [0x00000000d5580000, 0x00000000d7680000, 0x0000000100000000)
  eden space 24576K, 0% used [0x00000000d5580000,0x00000000d5580000,0x00000000d6d80000)
  from space 4096K, 93% used [0x00000000d6f00000,0x00000000d72c1938,0x00000000d7300000)
  to   space 3584K, 0% used [0x00000000d7300000,0x00000000d7300000,0x00000000d7680000)
 ParOldGen       total 68608K, used 9932K [0x0000000080000000, 0x0000000084300000, 0x00000000d5580000)
  object space 68608K, 14% used [0x0000000080000000,0x00000000809b3318,0x0000000084300000)
 Metaspace       used 20708K, committed 21504K, reserved 1114112K
  class space    used 2201K, committed 2560K, reserved 1048576K
}
Event: 9.625 GC heap after
{Heap after GC invocations=8 (full 1):
 PSYoungGen      total 28672K, used 0K [0x00000000d5580000, 0x00000000d7680000, 0x0000000100000000)
  eden space 24576K, 0% used [0x00000000d5580000,0x00000000d5580000,0x00000000d6d80000)
  from space 4096K, 0% used [0x00000000d6f00000,0x00000000d6f00000,0x00000000d7300000)
  to   space 3584K, 0% used [0x00000000d7300000,0x00000000d7300000,0x00000000d7680000)
 ParOldGen       total 68608K, used 13068K [0x0000000080000000, 0x0000000084300000, 0x00000000d5580000)
  object space 68608K, 19% used [0x0000000080000000,0x0000000080cc3268,0x0000000084300000)
 Metaspace       used 20695K, committed 21504K, reserved 1114112K
  class space    used 2197K, committed 2560K, reserved 1048576K
}
Event: 9.968 GC heap before
{Heap before GC invocations=9 (full 1):
 PSYoungGen      total 28672K, used 24496K [0x00000000d5580000, 0x00000000d7680000, 0x0000000100000000)
  eden space 24576K, 99% used [0x00000000d5580000,0x00000000d6d6c028,0x00000000d6d80000)
  from space 4096K, 0% used [0x00000000d6f00000,0x00000000d6f00000,0x00000000d7300000)
  to   space 3584K, 0% used [0x00000000d7300000,0x00000000d7300000,0x00000000d7680000)
 ParOldGen       total 68608K, used 13068K [0x0000000080000000, 0x0000000084300000, 0x00000000d5580000)
  object space 68608K, 19% used [0x0000000080000000,0x0000000080cc3268,0x0000000084300000)
 Metaspace       used 23083K, committed 23872K, reserved 1114112K
  class space    used 2363K, committed 2688K, reserved 1048576K
}
Event: 9.971 GC heap after
{Heap after GC invocations=9 (full 1):
 PSYoungGen      total 25088K, used 961K [0x00000000d5580000, 0x00000000d7400000, 0x0000000100000000)
  eden space 24064K, 0% used [0x00000000d5580000,0x00000000d5580000,0x00000000d6d00000)
  from space 1024K, 93% used [0x00000000d7300000,0x00000000d73f0760,0x00000000d7400000)
  to   space 2560K, 0% used [0x00000000d6f00000,0x00000000d6f00000,0x00000000d7180000)
 ParOldGen       total 68608K, used 13076K [0x0000000080000000, 0x0000000084300000, 0x00000000d5580000)
  object space 68608K, 19% used [0x0000000080000000,0x0000000080cc5268,0x0000000084300000)
 Metaspace       used 23083K, committed 23872K, reserved 1114112K
  class space    used 2363K, committed 2688K, reserved 1048576K
}
Event: 10.321 GC heap before
{Heap before GC invocations=10 (full 1):
 PSYoungGen      total 25088K, used 25025K [0x00000000d5580000, 0x00000000d7400000, 0x0000000100000000)
  eden space 24064K, 100% used [0x00000000d5580000,0x00000000d6d00000,0x00000000d6d00000)
  from space 1024K, 93% used [0x00000000d7300000,0x00000000d73f0760,0x00000000d7400000)
  to   space 2560K, 0% used [0x00000000d6f00000,0x00000000d6f00000,0x00000000d7180000)
 ParOldGen       total 68608K, used 13076K [0x0000000080000000, 0x0000000084300000, 0x00000000d5580000)
  object space 68608K, 19% used [0x0000000080000000,0x0000000080cc5268,0x0000000084300000)
 Metaspace       used 26520K, committed 27264K, reserved 1114112K
  class space    used 2620K, committed 2944K, reserved 1048576K
}
Event: 10.323 GC heap after
{Heap after GC invocations=10 (full 1):
 PSYoungGen      total 26112K, used 2551K [0x00000000d5580000, 0x00000000d7380000, 0x0000000100000000)
  eden space 23552K, 0% used [0x00000000d5580000,0x00000000d5580000,0x00000000d6c80000)
  from space 2560K, 99% used [0x00000000d6f00000,0x00000000d717df40,0x00000000d7180000)
  to   space 2048K, 0% used [0x00000000d7180000,0x00000000d7180000,0x00000000d7380000)
 ParOldGen       total 68608K, used 13084K [0x0000000080000000, 0x0000000084300000, 0x00000000d5580000)
  object space 68608K, 19% used [0x0000000080000000,0x0000000080cc7268,0x0000000084300000)
 Metaspace       used 26520K, committed 27264K, reserved 1114112K
  class space    used 2620K, committed 2944K, reserved 1048576K
}
Event: 10.654 GC heap before
{Heap before GC invocations=11 (full 1):
 PSYoungGen      total 26112K, used 26103K [0x00000000d5580000, 0x00000000d7380000, 0x0000000100000000)
  eden space 23552K, 100% used [0x00000000d5580000,0x00000000d6c80000,0x00000000d6c80000)
  from space 2560K, 99% used [0x00000000d6f00000,0x00000000d717df40,0x00000000d7180000)
  to   space 2048K, 0% used [0x00000000d7180000,0x00000000d7180000,0x00000000d7380000)
 ParOldGen       total 68608K, used 13084K [0x0000000080000000, 0x0000000084300000, 0x00000000d5580000)
  object space 68608K, 19% used [0x0000000080000000,0x0000000080cc7268,0x0000000084300000)
 Metaspace       used 28194K, committed 29120K, reserved 1114112K
  class space    used 2763K, committed 3200K, reserved 1048576K
}
Event: 10.656 GC heap after
{Heap after GC invocations=11 (full 1):
 PSYoungGen      total 25088K, used 2029K [0x00000000d5580000, 0x00000000d7400000, 0x0000000100000000)
  eden space 23040K, 0% used [0x00000000d5580000,0x00000000d5580000,0x00000000d6c00000)
  from space 2048K, 99% used [0x00000000d7180000,0x00000000d737b648,0x00000000d7380000)
  to   space 4096K, 0% used [0x00000000d6c00000,0x00000000d6c00000,0x00000000d7000000)
 ParOldGen       total 68608K, used 14508K [0x0000000080000000, 0x0000000084300000, 0x00000000d5580000)
  object space 68608K, 21% used [0x0000000080000000,0x0000000080e2b310,0x0000000084300000)
 Metaspace       used 28194K, committed 29120K, reserved 1114112K
  class space    used 2763K, committed 3200K, reserved 1048576K
}

Dll operation events (10 events):
Event: 0.014 Loaded shared library c:\Users\usuario\.antigravity-ide\extensions\redhat.java-1.55.0-win32-x64\jre\21.0.11-win32-x86_64\bin\java.dll
Event: 0.174 Loaded shared library c:\Users\usuario\.antigravity-ide\extensions\redhat.java-1.55.0-win32-x64\jre\21.0.11-win32-x86_64\bin\zip.dll
Event: 0.206 Loaded shared library C:\Users\usuario\.antigravity-ide\extensions\redhat.java-1.55.0-win32-x64\jre\21.0.11-win32-x86_64\bin\instrument.dll
Event: 0.215 Loaded shared library C:\Users\usuario\.antigravity-ide\extensions\redhat.java-1.55.0-win32-x64\jre\21.0.11-win32-x86_64\bin\net.dll
Event: 0.221 Loaded shared library C:\Users\usuario\.antigravity-ide\extensions\redhat.java-1.55.0-win32-x64\jre\21.0.11-win32-x86_64\bin\nio.dll
Event: 0.225 Loaded shared library C:\Users\usuario\.antigravity-ide\extensions\redhat.java-1.55.0-win32-x64\jre\21.0.11-win32-x86_64\bin\zip.dll
Event: 0.262 Loaded shared library C:\Users\usuario\.antigravity-ide\extensions\redhat.java-1.55.0-win32-x64\jre\21.0.11-win32-x86_64\bin\jimage.dll
Event: 0.468 Loaded shared library c:\Users\usuario\.antigravity-ide\extensions\redhat.java-1.55.0-win32-x64\jre\21.0.11-win32-x86_64\bin\verify.dll
Event: 2.996 Loaded shared library C:\Users\usuario\AppData\Roaming\Antigravity IDE\User\globalStorage\redhat.java\1.55.0\config_win\org.eclipse.equinox.launcher\org.eclipse.equinox.launcher.win32.win32.x86_64_1.3.100.v20260613-0559\eclipse_11924.dll
Event: 8.684 Loaded shared library C:\Users\usuario\AppData\Local\Temp\jna--132844754\jna12784760404992414454.dll

Deoptimization events (20 events):
Event: 10.676 Thread 0x0000015a1617fce0 Uncommon trap: trap_request=0xffffffde fr.pc=0x00000159c2fa00b8 relative=0x00000000000000f8
Event: 10.676 Thread 0x0000015a1617fce0 Uncommon trap: reason=class_check action=maybe_recompile pc=0x00000159c2fa00b8 method=java.lang.Character.codePointAt(Ljava/lang/CharSequence;I)I @ 2 c2
Event: 10.676 Thread 0x0000015a1617fce0 DEOPT PACKING pc=0x00000159c2fa00b8 sp=0x000000522cefe8d0
Event: 10.676 Thread 0x0000015a1617fce0 DEOPT UNPACKING pc=0x00000159c28b3aa2 sp=0x000000522cefe858 mode 2
Event: 10.676 Thread 0x0000015a1617fce0 Uncommon trap: trap_request=0xffffffde fr.pc=0x00000159c2fa00b8 relative=0x00000000000000f8
Event: 10.676 Thread 0x0000015a1617fce0 Uncommon trap: reason=class_check action=maybe_recompile pc=0x00000159c2fa00b8 method=java.lang.Character.codePointAt(Ljava/lang/CharSequence;I)I @ 2 c2
Event: 10.676 Thread 0x0000015a1617fce0 DEOPT PACKING pc=0x00000159c2fa00b8 sp=0x000000522cefe8d0
Event: 10.676 Thread 0x0000015a1617fce0 DEOPT UNPACKING pc=0x00000159c28b3aa2 sp=0x000000522cefe858 mode 2
Event: 10.689 Thread 0x0000015a16182440 Uncommon trap: trap_request=0xffffff45 fr.pc=0x00000159c2e6c5ac relative=0x000000000000010c
Event: 10.689 Thread 0x0000015a16182440 Uncommon trap: reason=unstable_if action=reinterpret pc=0x00000159c2e6c5ac method=jdk.internal.org.objectweb.asm.ByteVector.putShort(I)Ljdk/internal/org/objectweb/asm/ByteVector; @ 13 c2
Event: 10.689 Thread 0x0000015a16182440 DEOPT PACKING pc=0x00000159c2e6c5ac sp=0x000000522cffd2f0
Event: 10.689 Thread 0x0000015a16182440 DEOPT UNPACKING pc=0x00000159c28b3aa2 sp=0x000000522cffd288 mode 2
Event: 10.952 Thread 0x0000015a16a53ee0 Uncommon trap: trap_request=0xffffff45 fr.pc=0x00000159c2e6bcc4 relative=0x0000000000000124
Event: 10.952 Thread 0x0000015a16a53ee0 Uncommon trap: reason=unstable_if action=reinterpret pc=0x00000159c2e6bcc4 method=jdk.internal.org.objectweb.asm.SymbolTable.put(Ljdk/internal/org/objectweb/asm/SymbolTable$Entry;)Ljdk/internal/org/objectweb/asm/SymbolTable$Entry; @ 13 c2
Event: 10.952 Thread 0x0000015a16a53ee0 DEOPT PACKING pc=0x00000159c2e6bcc4 sp=0x000000522cafbaa0
Event: 10.952 Thread 0x0000015a16a53ee0 DEOPT UNPACKING pc=0x00000159c28b3aa2 sp=0x000000522cafba00 mode 2
Event: 10.963 Thread 0x0000015a16a53ee0 Uncommon trap: trap_request=0xffffff45 fr.pc=0x00000159c2f23968 relative=0x0000000000000388
Event: 10.963 Thread 0x0000015a16a53ee0 Uncommon trap: reason=unstable_if action=reinterpret pc=0x00000159c2f23968 method=java.lang.Integer.parseInt(Ljava/lang/String;I)I @ 119 c2
Event: 10.963 Thread 0x0000015a16a53ee0 DEOPT PACKING pc=0x00000159c2f23968 sp=0x000000522cafc910
Event: 10.963 Thread 0x0000015a16a53ee0 DEOPT UNPACKING pc=0x00000159c28b3aa2 sp=0x000000522cafc878 mode 2

Classes loaded (20 events):
Event: 10.922 Loading class sun/reflect/annotation/AnnotatedTypeFactory
Event: 10.922 Loading class sun/reflect/annotation/AnnotatedTypeFactory done
Event: 10.922 Loading class sun/reflect/annotation/AnnotatedTypeFactory$AnnotatedTypeBaseImpl
Event: 10.922 Loading class sun/reflect/annotation/AnnotatedTypeFactory$AnnotatedTypeBaseImpl done
Event: 10.971 Loading class javax/crypto/IllegalBlockSizeException
Event: 10.971 Loading class javax/crypto/IllegalBlockSizeException done
Event: 10.971 Loading class javax/crypto/BadPaddingException
Event: 10.971 Loading class javax/crypto/BadPaddingException done
Event: 10.976 Loading class java/security/InvalidAlgorithmParameterException
Event: 10.977 Loading class java/security/InvalidAlgorithmParameterException done
Event: 10.977 Loading class java/security/spec/InvalidKeySpecException
Event: 10.977 Loading class java/security/spec/InvalidKeySpecException done
Event: 10.978 Loading class javax/crypto/NoSuchPaddingException
Event: 10.978 Loading class javax/crypto/NoSuchPaddingException done
Event: 10.978 Loading class java/security/spec/InvalidParameterSpecException
Event: 10.978 Loading class java/security/spec/InvalidParameterSpecException done
Event: 10.979 Loading class javax/crypto/spec/PBEKeySpec
Event: 10.979 Loading class javax/crypto/spec/PBEKeySpec done
Event: 10.983 Loading class jdk/internal/reflect/MethodHandleBooleanFieldAccessorImpl
Event: 10.984 Loading class jdk/internal/reflect/MethodHandleBooleanFieldAccessorImpl done

Classes unloaded (7 events):
Event: 9.588 Thread 0x00000159ceb71f10 Unloading class 0x00000159d01ad400 'java/lang/invoke/LambdaForm$MH+0x00000159d01ad400'
Event: 9.588 Thread 0x00000159ceb71f10 Unloading class 0x00000159d01ad000 'java/lang/invoke/LambdaForm$MH+0x00000159d01ad000'
Event: 9.588 Thread 0x00000159ceb71f10 Unloading class 0x00000159d01acc00 'java/lang/invoke/LambdaForm$MH+0x00000159d01acc00'
Event: 9.588 Thread 0x00000159ceb71f10 Unloading class 0x00000159d01ac800 'java/lang/invoke/LambdaForm$MH+0x00000159d01ac800'
Event: 9.588 Thread 0x00000159ceb71f10 Unloading class 0x00000159d01ac400 'java/lang/invoke/LambdaForm$BMH+0x00000159d01ac400'
Event: 9.588 Thread 0x00000159ceb71f10 Unloading class 0x00000159d01ac000 'java/lang/invoke/LambdaForm$DMH+0x00000159d01ac000'
Event: 9.588 Thread 0x00000159ceb71f10 Unloading class 0x00000159d01aac00 'java/lang/invoke/LambdaForm$DMH+0x00000159d01aac00'

Classes redefined (0 events):
No events

Internal exceptions (20 events):
Event: 10.635 Thread 0x0000015a1617fce0 Exception <a 'java/lang/NoSuchMethodError'{0x00000000d6b227a0}: 'java.lang.Object java.lang.invoke.DirectMethodHandle$Holder.invokeStaticInit(java.lang.Object, java.lang.Object, java.lang.Object, java.lang.Object, java.lang.Object, java.lang.Object, java.lang.Object)'> (0x00000000d6b227a0) 
thrown [s\src\hotspot\share\interpreter\linkResolver.cpp, line 773]
Event: 10.635 Thread 0x0000015a1617fce0 Exception <a 'java/lang/NoSuchMethodError'{0x00000000d6b26f78}: 'java.lang.Object java.lang.invoke.Invokers$Holder.invoke_MT(java.lang.Object, java.lang.Object, java.lang.Object, java.lang.Object, java.lang.Object, java.lang.Object, java.lang.Object, java.lang.Object, java.lang.Object)'> (0x00000000d6b26f78) 
thrown [s\src\hotspot\share\interpreter\linkResolver.cpp, line 773]
Event: 10.647 Thread 0x0000015a1617fce0 Exception <a 'java/lang/NoSuchMethodError'{0x00000000d6bd5ac0}: 'int java.lang.invoke.DirectMethodHandle$Holder.invokeVirtual(java.lang.Object, java.lang.Object, java.lang.Object)'> (0x00000000d6bd5ac0) 
thrown [s\src\hotspot\share\interpreter\linkResolver.cpp, line 773]
Event: 10.647 Thread 0x0000015a1617fce0 Exception <a 'java/lang/NoSuchMethodError'{0x00000000d6bd9a38}: 'int java.lang.invoke.DirectMethodHandle$Holder.invokeStaticInit(java.lang.Object, int, int)'> (0x00000000d6bd9a38) 
thrown [s\src\hotspot\share\interpreter\linkResolver.cpp, line 773]
Event: 10.648 Thread 0x0000015a1617fce0 Exception <a 'java/lang/NoSuchMethodError'{0x00000000d6be10a0}: 'int java.lang.invoke.DirectMethodHandle$Holder.invokeStaticInit(java.lang.Object, long, long)'> (0x00000000d6be10a0) 
thrown [s\src\hotspot\share\interpreter\linkResolver.cpp, line 773]
Event: 10.649 Thread 0x0000015a1617fce0 Exception <a 'java/lang/NoSuchMethodError'{0x00000000d6be7c88}: 'int java.lang.invoke.DirectMethodHandle$Holder.invokeStaticInit(java.lang.Object, float, float)'> (0x00000000d6be7c88) 
thrown [s\src\hotspot\share\interpreter\linkResolver.cpp, line 773]
Event: 10.649 Thread 0x0000015a1617fce0 Exception <a 'java/lang/NoSuchMethodError'{0x00000000d6c5d658}: 'int java.lang.invoke.DirectMethodHandle$Holder.invokeStaticInit(java.lang.Object, double, double)'> (0x00000000d6c5d658) 
thrown [s\src\hotspot\share\interpreter\linkResolver.cpp, line 773]
Event: 10.650 Thread 0x0000015a1617fce0 Exception <a 'java/lang/NoSuchMethodError'{0x00000000d6c61a50}: 'int java.lang.invoke.DirectMethodHandle$Holder.invokeStatic(java.lang.Object, long)'> (0x00000000d6c61a50) 
thrown [s\src\hotspot\share\interpreter\linkResolver.cpp, line 773]
Event: 10.656 Thread 0x0000015a1617fce0 Exception <a 'java/lang/NoSuchMethodError'{0x00000000d55eb528}: 'int java.lang.invoke.Invokers$Holder.linkToTargetMethod(java.lang.Object, java.lang.Object)'> (0x00000000d55eb528) 
thrown [s\src\hotspot\share\interpreter\linkResolver.cpp, line 773]
Event: 10.685 Thread 0x0000015a16a53ee0 Exception <a 'java/lang/ClassNotFoundException'{0x00000000d5803a90}: com/sun/org/apache/xml/internal/serializer/spi/XMLEntitiesProvider> (0x00000000d5803a90) 
thrown [s\src\hotspot\share\classfile\systemDictionary.cpp, line 313]
Event: 10.686 Thread 0x0000015a16182440 Exception <a 'java/lang/NoSuchMethodError'{0x00000000d585f3e0}: 'int java.lang.invoke.DirectMethodHandle$Holder.invokeSpecial(java.lang.Object, java.lang.Object, java.lang.Object, java.lang.Object)'> (0x00000000d585f3e0) 
thrown [s\src\hotspot\share\interpreter\linkResolver.cpp, line 773]
Event: 10.687 Thread 0x0000015a16182440 Exception <a 'java/lang/NoSuchMethodError'{0x00000000d58805b0}: 'java.lang.Object java.lang.invoke.DirectMethodHandle$Holder.invokeStatic(java.lang.Object, int, java.lang.Object, java.lang.Object)'> (0x00000000d58805b0) 
thrown [s\src\hotspot\share\interpreter\linkResolver.cpp, line 773]
Event: 10.688 Thread 0x0000015a16182440 Exception <a 'java/lang/NoSuchMethodError'{0x00000000d5883fd8}: 'java.lang.Object java.lang.invoke.DelegatingMethodHandle$Holder.delegate(java.lang.Object, int, java.lang.Object, java.lang.Object)'> (0x00000000d5883fd8) 
thrown [s\src\hotspot\share\interpreter\linkResolver.cpp, line 773]
Event: 10.689 Thread 0x0000015a16182440 Exception <a 'java/lang/NoSuchMethodError'{0x00000000d589c138}: 'int java.lang.invoke.Invokers$Holder.linkToTargetMethod(java.lang.Object, java.lang.Object, java.lang.Object)'> (0x00000000d589c138) 
thrown [s\src\hotspot\share\interpreter\linkResolver.cpp, line 773]
Event: 10.704 Thread 0x0000015a1617fce0 Exception <a 'java/lang/NoSuchMethodError'{0x00000000d5996c58}: 'java.lang.Object java.lang.invoke.DirectMethodHandle$Holder.invokeSpecialIFC(java.lang.Object, java.lang.Object, java.lang.Object, java.lang.Object)'> (0x00000000d5996c58) 
thrown [s\src\hotspot\share\interpreter\linkResolver.cpp, line 773]
Event: 10.935 Thread 0x0000015a16a53ee0 Exception <a 'java/io/FileNotFoundException'{0x00000000d6579db0}> (0x00000000d6579db0) 
thrown [s\src\hotspot\share\prims\jni.cpp, line 520]
Event: 10.955 Thread 0x0000015a16a53ee0 Exception <a 'java/lang/UnsatisfiedLinkError'{0x00000000d67efc68}: No se encontrĂł el proceso especificado.
> (0x00000000d67efc68) 
thrown [s\src\hotspot\share\prims\jni.cpp, line 539]
Event: 10.962 Thread 0x0000015a16a53ee0 Exception <a 'java/io/FileNotFoundException'{0x00000000d6807c90}> (0x00000000d6807c90) 
thrown [s\src\hotspot\share\prims\jni.cpp, line 520]
Event: 10.979 Thread 0x0000015a16a53ee0 Exception <a 'java/io/FileNotFoundException'{0x00000000d693cbc8}> (0x00000000d693cbc8) 
thrown [s\src\hotspot\share\prims\jni.cpp, line 520]
Event: 10.984 Thread 0x0000015a16a53ee0 Exception <a 'java/lang/UnsatisfiedLinkError'{0x00000000d69ea2c8}: No se encontrĂł el proceso especificado.
> (0x00000000d69ea2c8) 
thrown [s\src\hotspot\share\prims\jni.cpp, line 539]

ZGC Phase Switch (0 events):
No events

VM Operations (20 events):
Event: 9.069 Executing safepoint VM operation: ICBufferFull
Event: 9.069 Executing safepoint VM operation: ICBufferFull done
Event: 9.149 Executing safepoint VM operation: ParallelGCFailedAllocation (Allocation Failure)
Event: 9.155 Executing safepoint VM operation: ParallelGCFailedAllocation (Allocation Failure) done
Event: 9.573 Executing safepoint VM operation: CollectForMetadataAllocation (Metadata GC Threshold)
Event: 9.625 Executing safepoint VM operation: CollectForMetadataAllocation (Metadata GC Threshold) done
Event: 9.968 Executing safepoint VM operation: ParallelGCFailedAllocation (Allocation Failure)
Event: 9.971 Executing safepoint VM operation: ParallelGCFailedAllocation (Allocation Failure) done
Event: 10.321 Executing safepoint VM operation: ParallelGCFailedAllocation (Allocation Failure)
Event: 10.323 Executing safepoint VM operation: ParallelGCFailedAllocation (Allocation Failure) done
Event: 10.566 Executing non-safepoint VM operation: HandshakeAllThreads (Deoptimize)
Event: 10.566 Executing non-safepoint VM operation: HandshakeAllThreads (Deoptimize) done
Event: 10.654 Executing safepoint VM operation: ParallelGCFailedAllocation (Allocation Failure)
Event: 10.656 Executing safepoint VM operation: ParallelGCFailedAllocation (Allocation Failure) done
Event: 10.661 Executing non-safepoint VM operation: HandshakeAllThreads (Deoptimize)
Event: 10.662 Executing non-safepoint VM operation: HandshakeAllThreads (Deoptimize) done
Event: 10.725 Executing non-safepoint VM operation: HandshakeAllThreads (Deoptimize)
Event: 10.725 Executing non-safepoint VM operation: HandshakeAllThreads (Deoptimize) done
Event: 10.883 Executing non-safepoint VM operation: HandshakeAllThreads (Deoptimize)
Event: 10.884 Executing non-safepoint VM operation: HandshakeAllThreads (Deoptimize) done

Memory protections (0 events):
No events

Nmethod flushes (0 events):
No events

Events (20 events):
Event: 2.048 Thread 0x0000015a11568230 Thread added: 0x0000015a161cdc90
Event: 2.211 Thread 0x0000015a161cdc90 Thread exited: 0x0000015a161cdc90
Event: 2.558 Thread 0x00000159b5d95630 Thread added: 0x0000015a167eec00
Event: 2.986 Thread 0x00000159b5d95630 Thread added: 0x0000015a1639c250
Event: 3.077 Thread 0x0000015a1639c250 Thread added: 0x0000015a16a53870
Event: 3.096 Thread 0x00000159b5d95630 Thread added: 0x0000015a16a53ee0
Event: 3.113 Thread 0x0000015a166e6a80 Thread exited: 0x0000015a166e6a80
Event: 3.415 Thread 0x0000015a11568230 Thread added: 0x0000015a16939e30
Event: 3.419 Thread 0x0000015a11568230 Thread added: 0x0000015a16a88570
Event: 3.799 Thread 0x0000015a16a53ee0 Thread added: 0x0000015a16e2f460
Event: 3.864 Thread 0x0000015a16a88570 Thread exited: 0x0000015a16a88570
Event: 3.864 Thread 0x0000015a16939e30 Thread exited: 0x0000015a16939e30
Event: 6.992 Thread 0x0000015a16a53ee0 Thread added: 0x00000159cebd6ac0
Event: 7.873 Thread 0x0000015a16a53ee0 Thread added: 0x0000015a16eaf580
Event: 8.716 Thread 0x0000015a16a53ee0 Thread added: 0x0000015a16182ad0
Event: 8.804 Thread 0x0000015a16a53ee0 Thread added: 0x0000015a1617fce0
Event: 8.847 Thread 0x0000015a16a53ee0 Thread added: 0x0000015a16182440
Event: 10.537 Thread 0x0000015a16a53ee0 Thread added: 0x0000015a16181090
Event: 10.684 Thread 0x0000015a16182440 Thread added: 0x0000015a16180370
Event: 10.747 Thread 0x0000015a16180370 Thread added: 0x0000015a16181720


Dynamic libraries:
0x00007ff780d20000 - 0x00007ff780d2e000 	c:\Users\usuario\.antigravity-ide\extensions\redhat.java-1.55.0-win32-x64\jre\21.0.11-win32-x86_64\bin\java.exe
0x00007ffae1e60000 - 0x00007ffae2069000 	C:\Windows\SYSTEM32\ntdll.dll
0x00007ffadfec0000 - 0x00007ffadff7d000 	C:\Windows\System32\KERNEL32.DLL
0x00007ffadf4b0000 - 0x00007ffadf834000 	C:\Windows\System32\KERNELBASE.dll
0x00007ffadf960000 - 0x00007ffadfa71000 	C:\Windows\System32\ucrtbase.dll
0x00007ffaca4e0000 - 0x00007ffaca4f8000 	c:\Users\usuario\.antigravity-ide\extensions\redhat.java-1.55.0-win32-x64\jre\21.0.11-win32-x86_64\bin\jli.dll
0x00007ffae1250000 - 0x00007ffae13fd000 	C:\Windows\System32\USER32.dll
0x00007ffadf370000 - 0x00007ffadf396000 	C:\Windows\System32\win32u.dll
0x00007ffae1220000 - 0x00007ffae124a000 	C:\Windows\System32\GDI32.dll
0x00007ffad03b0000 - 0x00007ffad03ce000 	c:\Users\usuario\.antigravity-ide\extensions\redhat.java-1.55.0-win32-x64\jre\21.0.11-win32-x86_64\bin\VCRUNTIME140.dll
0x00007ffadf840000 - 0x00007ffadf95e000 	C:\Windows\System32\gdi32full.dll
0x00007ffadf410000 - 0x00007ffadf4ad000 	C:\Windows\System32\msvcp_win.dll
0x00007ffad7cb0000 - 0x00007ffad7f55000 	C:\Windows\WinSxS\amd64_microsoft.windows.common-controls_6595b64144ccf1df_6.0.22000.120_none_9d947278b86cc467\COMCTL32.dll
0x00007ffae1580000 - 0x00007ffae1623000 	C:\Windows\System32\msvcrt.dll
0x00007ffadff80000 - 0x00007ffadffb1000 	C:\Windows\System32\IMM32.DLL
0x00007ffad50e0000 - 0x00007ffad50ec000 	c:\Users\usuario\.antigravity-ide\extensions\redhat.java-1.55.0-win32-x64\jre\21.0.11-win32-x86_64\bin\vcruntime140_1.dll
0x00007ffa9e420000 - 0x00007ffa9e4ad000 	c:\Users\usuario\.antigravity-ide\extensions\redhat.java-1.55.0-win32-x64\jre\21.0.11-win32-x86_64\bin\msvcp140.dll
0x00007ffa84900000 - 0x00007ffa856a2000 	c:\Users\usuario\.antigravity-ide\extensions\redhat.java-1.55.0-win32-x64\jre\21.0.11-win32-x86_64\bin\server\jvm.dll
0x00007ffae1630000 - 0x00007ffae16de000 	C:\Windows\System32\ADVAPI32.dll
0x00007ffadfdb0000 - 0x00007ffadfe4e000 	C:\Windows\System32\sechost.dll
0x00007ffae1770000 - 0x00007ffae1891000 	C:\Windows\System32\RPCRT4.dll
0x00007ffae00e0000 - 0x00007ffae014f000 	C:\Windows\System32\WS2_32.dll
0x00007ffadf1c0000 - 0x00007ffadf20d000 	C:\Windows\SYSTEM32\POWRPROF.dll
0x00007ffad8d60000 - 0x00007ffad8d93000 	C:\Windows\SYSTEM32\WINMM.dll
0x00007ffad78e0000 - 0x00007ffad78ea000 	C:\Windows\SYSTEM32\VERSION.dll
0x00007ffadf1a0000 - 0x00007ffadf1b3000 	C:\Windows\SYSTEM32\UMPDC.dll
0x00007ffade360000 - 0x00007ffade378000 	C:\Windows\SYSTEM32\kernel.appcore.dll
0x00007ffad39b0000 - 0x00007ffad39ba000 	c:\Users\usuario\.antigravity-ide\extensions\redhat.java-1.55.0-win32-x64\jre\21.0.11-win32-x86_64\bin\jimage.dll
0x00007ffad14d0000 - 0x00007ffad16f1000 	C:\Windows\SYSTEM32\DBGHELP.DLL
0x00007ffad12b0000 - 0x00007ffad12e1000 	C:\Windows\SYSTEM32\dbgcore.DLL
0x00007ffadf2f0000 - 0x00007ffadf36f000 	C:\Windows\System32\bcryptPrimitives.dll
0x00007ffaca560000 - 0x00007ffaca56f000 	c:\Users\usuario\.antigravity-ide\extensions\redhat.java-1.55.0-win32-x64\jre\21.0.11-win32-x86_64\bin\instrument.dll
0x00007ffaca470000 - 0x00007ffaca490000 	c:\Users\usuario\.antigravity-ide\extensions\redhat.java-1.55.0-win32-x64\jre\21.0.11-win32-x86_64\bin\java.dll
0x00007ffae05c0000 - 0x00007ffae0d85000 	C:\Windows\System32\SHELL32.dll
0x00007ffadd390000 - 0x00007ffaddbf2000 	C:\Windows\SYSTEM32\windows.storage.dll
0x00007ffae0240000 - 0x00007ffae05b6000 	C:\Windows\System32\combase.dll
0x00007ffadd220000 - 0x00007ffadd387000 	C:\Windows\SYSTEM32\wintypes.dll
0x00007ffae1400000 - 0x00007ffae14ea000 	C:\Windows\System32\SHCORE.dll
0x00007ffae1520000 - 0x00007ffae157d000 	C:\Windows\System32\shlwapi.dll
0x00007ffadf220000 - 0x00007ffadf245000 	C:\Windows\SYSTEM32\profapi.dll
0x00007ffaca3e0000 - 0x00007ffaca3f8000 	c:\Users\usuario\.antigravity-ide\extensions\redhat.java-1.55.0-win32-x64\jre\21.0.11-win32-x86_64\bin\zip.dll
0x00007ffac97a0000 - 0x00007ffac97b0000 	C:\Users\usuario\.antigravity-ide\extensions\redhat.java-1.55.0-win32-x64\jre\21.0.11-win32-x86_64\bin\net.dll
0x00007ffada380000 - 0x00007ffada494000 	C:\Windows\SYSTEM32\WINHTTP.dll
0x00007ffade810000 - 0x00007ffade877000 	C:\Windows\system32\mswsock.dll
0x00007ffac1320000 - 0x00007ffac1336000 	C:\Users\usuario\.antigravity-ide\extensions\redhat.java-1.55.0-win32-x64\jre\21.0.11-win32-x86_64\bin\nio.dll
0x00007ffac9790000 - 0x00007ffac97a0000 	c:\Users\usuario\.antigravity-ide\extensions\redhat.java-1.55.0-win32-x64\jre\21.0.11-win32-x86_64\bin\verify.dll
0x00007ffac1430000 - 0x00007ffac1475000 	C:\Users\usuario\AppData\Roaming\Antigravity IDE\User\globalStorage\redhat.java\1.55.0\config_win\org.eclipse.equinox.launcher\org.eclipse.equinox.launcher.win32.win32.x86_64_1.3.100.v20260613-0559\eclipse_11924.dll
0x00007ffae1b90000 - 0x00007ffae1d2a000 	C:\Windows\System32\ole32.dll
0x00007ffadea50000 - 0x00007ffadea68000 	C:\Windows\SYSTEM32\CRYPTSP.dll
0x00007ffade2c0000 - 0x00007ffade2f5000 	C:\Windows\system32\rsaenh.dll
0x00007ffade900000 - 0x00007ffade92c000 	C:\Windows\SYSTEM32\USERENV.dll
0x00007ffadebd0000 - 0x00007ffadebf7000 	C:\Windows\SYSTEM32\bcrypt.dll
0x00007ffadea70000 - 0x00007ffadea7c000 	C:\Windows\SYSTEM32\CRYPTBASE.dll
0x00007ffadde50000 - 0x00007ffadde7d000 	C:\Windows\SYSTEM32\IPHLPAPI.DLL
0x00007ffae14f0000 - 0x00007ffae14f9000 	C:\Windows\System32\NSI.dll
0x00007ffab1ff0000 - 0x00007ffab2039000 	C:\Users\usuario\AppData\Local\Temp\jna--132844754\jna12784760404992414454.dll
0x00007ffadfd10000 - 0x00007ffadfd18000 	C:\Windows\System32\PSAPI.DLL
0x00007ffada120000 - 0x00007ffada139000 	C:\Windows\SYSTEM32\dhcpcsvc6.DLL
0x00007ffada750000 - 0x00007ffada76e000 	C:\Windows\SYSTEM32\dhcpcsvc.DLL

JVMTI agents:
c:\Users\usuario\.antigravity-ide\extensions\redhat.java-1.55.0-win32-x64\lombok\lombok-1.18.39-4050.jar path:c:\Users\usuario\.antigravity-ide\extensions\redhat.java-1.55.0-win32-x64\jre\21.0.11-win32-x86_64\bin\instrument.dll, loaded, initialized, instrumentlib options:none

dbghelp: loaded successfully - version: 4.0.5 - missing functions: none
symbol engine: initialized successfully - sym options: 0x614 - pdb path: .;c:\Users\usuario\.antigravity-ide\extensions\redhat.java-1.55.0-win32-x64\jre\21.0.11-win32-x86_64\bin;C:\Windows\SYSTEM32;C:\Windows\WinSxS\amd64_microsoft.windows.common-controls_6595b64144ccf1df_6.0.22000.120_none_9d947278b86cc467;c:\Users\usuario\.antigravity-ide\extensions\redhat.java-1.55.0-win32-x64\jre\21.0.11-win32-x86_64\bin\server;C:\Users\usuario\AppData\Roaming\Antigravity IDE\User\globalStorage\redhat.java\1.55.0\config_win\org.eclipse.equinox.launcher\org.eclipse.equinox.launcher.win32.win32.x86_64_1.3.100.v20260613-0559;C:\Users\usuario\AppData\Local\Temp\jna--132844754

VM Arguments:
jvm_args: --add-modules=ALL-SYSTEM --add-opens=java.base/java.util=ALL-UNNAMED --add-opens=java.base/java.lang=ALL-UNNAMED --add-opens=java.base/sun.nio.fs=ALL-UNNAMED -Declipse.application=org.eclipse.jdt.ls.core.id1 -Dosgi.bundles.defaultStartLevel=4 -Declipse.product=org.eclipse.jdt.ls.core.product -Djava.import.generatesMetadataFilesAtProjectRoot=false -DDetectVMInstallationsJob.disabled=true -Dfile.encoding=utf8 -XX:+UseParallelGC -XX:GCTimeRatio=4 -XX:AdaptiveSizePolicyWeight=90 -Dsun.zip.disableMemoryMapping=true -Xmx2G -Xms100m -Xlog:disable -javaagent:c:\Users\usuario\.antigravity-ide\extensions\redhat.java-1.55.0-win32-x64\lombok\lombok-1.18.39-4050.jar -XX:+HeapDumpOnOutOfMemoryError -XX:HeapDumpPath=c:\Users\usuario\AppData\Roaming\Antigravity IDE\User\workspaceStorage\f3fcd46d8989c1a3fade3696811e1843\redhat.java -Daether.dependencyCollector.impl=bf 
java_command: c:\Users\usuario\.antigravity-ide\extensions\redhat.java-1.55.0-win32-x64\server\plugins\org.eclipse.equinox.launcher_1.7.200.v20260619-2039.jar -configuration c:\Users\usuario\AppData\Roaming\Antigravity IDE\User\globalStorage\redhat.java\1.55.0\config_win -data c:\Users\usuario\AppData\Roaming\Antigravity IDE\User\workspaceStorage\f3fcd46d8989c1a3fade3696811e1843\redhat.java\jdt_ws --pipe=\\.\pipe\lsp-43153e293beb6a6da109b9f5d835da46-sock
java_class_path (initial): c:\Users\usuario\.antigravity-ide\extensions\redhat.java-1.55.0-win32-x64\server\plugins\org.eclipse.equinox.launcher_1.7.200.v20260619-2039.jar
Launcher Type: SUN_STANDARD

[Global flags]
    uintx AdaptiveSizePolicyWeight                 = 90                                        {product} {command line}
     intx CICompilerCount                          = 4                                         {product} {ergonomic}
    uintx GCTimeRatio                              = 4                                         {product} {command line}
     bool HeapDumpOnOutOfMemoryError               = true                                   {manageable} {command line}
    ccstr HeapDumpPath                             = c:\Users\usuario\AppData\Roaming\Antigravity IDE\User\workspaceStorage\f3fcd46d8989c1a3fade3696811e1843\redhat.java         {manageable} {command line}
   size_t InitialHeapSize                          = 104857600                                 {product} {command line}
   size_t MaxHeapSize                              = 2147483648                                {product} {command line}
   size_t MaxNewSize                               = 715653120                                 {product} {ergonomic}
   size_t MinHeapDeltaBytes                        = 524288                                    {product} {ergonomic}
   size_t MinHeapSize                              = 104857600                                 {product} {command line}
   size_t NewSize                                  = 34603008                                  {product} {ergonomic}
    uintx NonNMethodCodeHeapSize                   = 5839372                                {pd product} {ergonomic}
    uintx NonProfiledCodeHeapSize                  = 122909434                              {pd product} {ergonomic}
   size_t OldSize                                  = 70254592                                  {product} {ergonomic}
    uintx ProfiledCodeHeapSize                     = 122909434                              {pd product} {ergonomic}
    uintx ReservedCodeCacheSize                    = 251658240                              {pd product} {ergonomic}
     bool SegmentedCodeCache                       = true                                      {product} {ergonomic}
   size_t SoftMaxHeapSize                          = 2147483648                             {manageable} {ergonomic}
     bool UseCompressedOops                        = true                           {product lp64_product} {ergonomic}
     bool UseLargePagesIndividualAllocation        = false                                  {pd product} {ergonomic}
     bool UseParallelGC                            = true                                      {product} {command line}

Logging:
Log output configuration:
 #0: stdout all=off uptime,level,tags foldmultilines=false
 #1: stderr all=off uptime,level,tags foldmultilines=false

Release file:
JAVA_VERSION="21.0.11" 
MODULES="java.base java.compiler java.datatransfer java.xml java.prefs java.desktop java.instrument java.logging java.management java.security.sasl java.naming java.rmi java.management.rmi java.net.http java.scripting java.security.jgss java.transaction.xa java.sql java.sql.rowset java.xml.crypto java.se java.smartcardio jdk.accessibility jdk.internal.jvmstat jdk.attach jdk.charsets jdk.internal.opt jdk.zipfs jdk.compiler jdk.crypto.ec jdk.crypto.cryptoki jdk.crypto.mscapi jdk.dynalink jdk.internal.ed jdk.editpad jdk.hotspot.agent jdk.httpserver jdk.internal.le jdk.internal.vm.ci jdk.internal.vm.compiler jdk.internal.vm.compiler.management jdk.jartool jdk.javadoc jdk.jcmd jdk.management jdk.management.agent jdk.jconsole jdk.jdeps jdk.jdwp.agent jdk.jdi jdk.jfr jdk.jshell jdk.jsobject jdk.jstatd jdk.localedata jdk.management.jfr jdk.naming.dns jdk.naming.rmi jdk.net jdk.nio.mapmode jdk.random jdk.sctp jdk.security.auth jdk.security.jgss jdk.unsupported jdk.unsupported.desktop jdk.xml.dom" 

Environment Variables:
JAVA_HOME=C:\Program Files\Java\jdk-21
PATH=C:\app\usuario\product\21c\dbhomeXE\bin;C:\Program Files\Common Files\Oracle\Java\javapath;C:\Program Files (x86)\Intel\iCLS Client\;C:\Program Files\Intel\iCLS Client\;C:\Windows\system32;C:\Windows;C:\Windows\System32\Wbem;C:\Windows\System32\WindowsPowerShell\v1.0\;C:\Windows\System32\OpenSSH\;C:\Program Files (x86)\Intel\Intel(R) Management Engine Components\DAL;C:\Program Files\Intel\Intel(R) Management Engine Components\DAL;C:\Program Files (x86)\Intel\Intel(R) Management Engine Components\IPT;C:\Program Files\Intel\Intel(R) Management Engine Components\IPT;C:\Users\usuario\AppData\Local\Android\Sdk\platform-tools;C:\Users\usuario\AppData\Local\Programs\Python\Python39\Scripts;C:\Users\usuario\AppData\Local\Programs\Python\Python39;%NVM_HOME%;%NVM_SYMLINK%;C:\Program Files\Git\cmd;C:\Program Files (x86)\Windows Kits\10\Windows Performance Toolkit\;C:\Users\usuario\AppData\Local\Programs\Python\Launcher\;C:\Users\usuario\AppData\Local\Microsoft\WindowsApps;C:\Users\usuario\AppData\Local\Programs\Antigravity\bin;C:\Users\usuario\AppData\Roaming\npm;C:\Users\usuario\AppData\Local\nvm;C:\nvm4w\nodejs;C:\Users\usuario\AppData\Local\Programs\Microsoft VS Code\bin;C:\Users\usuario\Downloads\IA proyectos\FlutterSDK\flutter\bin;C:\Users\usuario\AppData\Local\Programs\Antigravity IDE\bin;C:\Users\usuario\.local\bin;C:\Users\usuario\AppData\Local\Microsoft\WinGet\Packages\Google.PlatformTools_Microsoft.Winget.Source_8wekyb3d8bbwe\platform-tools;C:\Flutter SDK\flutter\bin
USERNAME=usuario
OS=Windows_NT
PROCESSOR_IDENTIFIER=Intel64 Family 6 Model 60 Stepping 3, GenuineIntel
TMP=C:\Users\usuario\AppData\Local\Temp
TEMP=C:\Users\usuario\AppData\Local\Temp




Periodic native trim disabled

---------------  S Y S T E M  ---------------

OS:
 Windows 11 , 64 bit Build 22000 (10.0.22000.2538)
OS uptime: 7 days 1:41 hours

CPU: total 8 (initial active 8) (4 cores per cpu, 2 threads per core) family 6 model 60 stepping 3 microcode 0x28, cx8, cmov, fxsr, ht, mmx, sse, sse2, sse3, ssse3, sse4.1, sse4.2, popcnt, lzcnt, tsc, tscinvbit, avx, avx2, aes, erms, clmul, bmi1, bmi2, fma, vzeroupper, clflush, rdtscp, f16c
Processor Information for the first 8 processors :
  Max Mhz: 3401, Current Mhz: 3401, Mhz Limit: 3401

Memory: 4k page, system-wide physical 7314M (244M free)
TotalPageFile size 15506M (AvailPageFile size 27M)
current process WorkingSet (physical memory assigned to process): 173M, peak: 173M
current process commit charge ("private bytes"): 302M, peak: 302M

vm_info: OpenJDK 64-Bit Server VM (21.0.11+10-LTS) for windows-amd64 JRE (21.0.11+10-LTS), built on 2026-04-21T00:00:00Z by "admin" with MS VC++ 17.12 (VS2022)

END.
